[INFO] [1776780004.044358539] [surge_cast_spiral_gsl]: CAST/SURGE/SPIRAL runner started. scenario=exp3_advection, state=far_inside_plume, source=(1.0, 4.95, 0.7), success_radius=0.25m, gas_topic=/fake_gas_sensor/Sensor_reading
[INFO] [1776780004.238152291] [surge_cast_spiral_gsl]: CAST: goal=(1.55,4.95,0.65) raw=0.000 m=0.000 phase=no_contact zone=far c=0.00 gas_n=2
[INFO] [1776780004.238359764] [surge_cast_spiral_gsl]: Moving to requested initial state before starting the trial; settle=8.0s
[INFO] [1776780005.037948723] [surge_cast_spiral_gsl]: CAST: goal=(1.55,4.95,0.65) raw=0.355 m=0.355 phase=candidate zone=far c=0.00 gas_n=10
[INFO] [1776780006.037925150] [surge_cast_spiral_gsl]: CAST: goal=(1.55,4.95,0.65) raw=0.000 m=0.000 phase=candidate zone=far c=0.00 gas_n=20
[INFO] [1776780007.038150465] [surge_cast_spiral_gsl]: CAST: goal=(1.55,4.95,0.65) raw=0.000 m=0.000 phase=candidate zone=far c=0.00 gas_n=30
[INFO] [1776780008.238075281] [surge_cast_spiral_gsl]: CAST: goal=(1.55,4.95,0.65) raw=0.000 m=0.000 phase=candidate zone=far c=0.00 gas_n=42
[INFO] [1776780009.438133144] [surge_cast_spiral_gsl]: CAST: goal=(1.55,4.95,0.65) raw=0.391 m=0.391 phase=candidate zone=far c=0.00 gas_n=54
[INFO] [1776780010.637958795] [surge_cast_spiral_gsl]: CAST: goal=(1.55,4.95,0.65) raw=0.000 m=0.000 phase=candidate zone=far c=0.00 gas_n=66
[INFO] [1776780011.638118784] [surge_cast_spiral_gsl]: CAST: goal=(1.55,4.95,0.65) raw=0.000 m=0.000 phase=candidate zone=far c=0.00 gas_n=76
[INFO] [1776780012.237955400] [surge_cast_spiral_gsl]: Initial state settled; starting trial clock from pose=(1.28,4.65,0.78)
[INFO] [1776780013.438397940] [surge_cast_spiral_gsl]: CAST: goal=(1.24,4.51,0.87) raw=0.000 m=0.000 phase=no_contact zone=far c=0.00 gas_n=12
[INFO] [1776780014.637943009] [surge_cast_spiral_gsl]: CAST: goal=(1.24,4.70,0.78) raw=0.000 m=0.000 phase=candidate zone=far c=0.00 gas_n=24
[INFO] [1776780015.638014219] [surge_cast_spiral_gsl]: CAST: goal=(1.25,4.66,0.71) raw=0.000 m=0.000 phase=candidate zone=far c=0.00 gas_n=34
[INFO] [1776780016.838222109] [surge_cast_spiral_gsl]: CAST: goal=(1.28,4.69,0.79) raw=0.325 m=0.325 phase=candidate zone=far c=0.00 gas_n=46
[INFO] [1776780018.038023541] [surge_cast_spiral_gsl]: CAST: goal=(1.32,4.55,0.84) raw=2.252 m=2.252 phase=candidate zone=edge c=0.01 gas_n=58
[INFO] [1776780019.038378920] [surge_cast_spiral_gsl]: CAST: goal=(1.33,4.72,0.76) raw=0.000 m=0.000 phase=candidate zone=far c=0.04 gas_n=68
[INFO] [1776780020.237981837] [surge_cast_spiral_gsl]: CAST: goal=(1.31,4.65,0.72) raw=0.362 m=0.362 phase=candidate zone=far c=0.02 gas_n=80
[INFO] [1776780021.237973797] [surge_cast_spiral_gsl]: CAST -> SURGE dir=(0.503, 0.838, 0.21)
[INFO] [1776780022.438891153] [surge_cast_spiral_gsl]: SURGE: goal=(1.37,4.80,0.69) raw=0.227 m=0.227 phase=candidate zone=far c=0.00 gas_n=102
[INFO] [1776780023.438885926] [surge_cast_spiral_gsl]: SURGE: goal=(1.38,4.79,0.70) raw=0.259 m=0.259 phase=candidate zone=far c=0.00 gas_n=112
[INFO] [1776780024.639049325] [surge_cast_spiral_gsl]: SURGE: goal=(1.42,4.83,0.71) raw=1.694 m=1.694 phase=candidate zone=near c=0.00 gas_n=124
[INFO] [1776780025.838354069] [surge_cast_spiral_gsl]: SURGE: goal=(1.41,4.86,0.68) raw=6.929 m=6.929 phase=confirmed zone=core c=0.04 gas_n=136
[INFO] [1776780026.838150012] [surge_cast_spiral_gsl]: SURGE: goal=(1.43,4.89,0.67) raw=3.636 m=3.636 phase=confirmed zone=edge c=0.34 gas_n=146
[INFO] [1776780028.037981543] [surge_cast_spiral_gsl]: SURGE: goal=(1.41,4.84,0.68) raw=5.203 m=5.203 phase=confirmed zone=core c=0.74 gas_n=158
[INFO] [1776780029.037975963] [surge_cast_spiral_gsl]: SURGE: goal=(1.42,4.88,0.66) raw=4.941 m=4.941 phase=confirmed zone=edge c=0.84 gas_n=168
[INFO] [1776780030.038007000] [surge_cast_spiral_gsl]: SURGE: goal=(1.42,4.88,0.65) raw=5.077 m=5.077 phase=confirmed zone=edge c=0.90 gas_n=178
[INFO] [1776780031.237959080] [surge_cast_spiral_gsl]: SURGE: goal=(1.43,4.90,0.63) raw=1.896 m=1.896 phase=confirmed zone=near c=0.88 gas_n=190
[INFO] [1776780032.438071470] [surge_cast_spiral_gsl]: SURGE: goal=(1.41,4.84,0.71) raw=6.646 m=6.646 phase=confirmed zone=core c=0.78 gas_n=202
[INFO] [1776780033.638746565] [surge_cast_spiral_gsl]: SURGE: goal=(1.43,4.88,0.72) raw=5.729 m=5.729 phase=confirmed zone=edge c=0.71 gas_n=214
[INFO] [1776780034.837977762] [surge_cast_spiral_gsl]: SURGE: goal=(1.43,4.88,0.72) raw=4.184 m=4.184 phase=confirmed zone=edge c=0.79 gas_n=226
[INFO] [1776780036.038059241] [surge_cast_spiral_gsl]: SURGE: goal=(1.41,4.84,0.71) raw=7.099 m=7.099 phase=confirmed zone=core c=0.72 gas_n=238
[INFO] [1776780037.238641234] [surge_cast_spiral_gsl]: SURGE: goal=(1.43,4.88,0.72) raw=5.319 m=5.319 phase=confirmed zone=edge c=0.66 gas_n=250
[INFO] [1776780038.437956481] [surge_cast_spiral_gsl]: SURGE: goal=(1.43,4.88,0.72) raw=4.796 m=4.796 phase=confirmed zone=edge c=0.68 gas_n=262
[INFO] [1776780039.437968901] [surge_cast_spiral_gsl]: SURGE: goal=(1.41,4.84,0.71) raw=7.678 m=7.678 phase=confirmed zone=core c=0.67 gas_n=272
[INFO] [1776780040.437985206] [surge_cast_spiral_gsl]: SURGE: goal=(1.41,4.84,0.71) raw=7.886 m=7.886 phase=confirmed zone=core c=0.77 gas_n=282
[INFO] [1776780041.637962435] [surge_cast_spiral_gsl]: SURGE: goal=(1.43,4.88,0.72) raw=5.041 m=5.041 phase=confirmed zone=edge c=0.84 gas_n=294
[INFO] [1776780042.638073621] [surge_cast_spiral_gsl]: SURGE: goal=(1.41,4.84,0.71) raw=6.909 m=6.909 phase=confirmed zone=core c=0.85 gas_n=304
[INFO] [1776780043.837853353] [surge_cast_spiral_gsl]: SURGE -> CAST (plume lost)
[INFO] [1776780045.037966307] [surge_cast_spiral_gsl]: CAST: goal=(1.37,4.74,0.72) raw=5.715 m=5.148 phase=confirmed zone=edge c=0.81 gas_n=328
[INFO] [1776780046.237946322] [surge_cast_spiral_gsl]: CAST: goal=(1.34,4.80,0.75) raw=2.090 m=0.396 phase=candidate zone=far c=0.49 gas_n=340
[INFO] [1776780047.238081274] [surge_cast_spiral_gsl]: CAST: goal=(1.34,4.79,0.65) raw=6.213 m=4.179 phase=candidate zone=edge c=0.21 gas_n=350
[INFO] [1776780048.438038710] [surge_cast_spiral_gsl]: CAST: goal=(1.38,4.85,0.69) raw=5.004 m=2.563 phase=candidate zone=near c=0.07 gas_n=362
[INFO] [1776780049.637962192] [surge_cast_spiral_gsl]: CAST: goal=(1.39,4.73,0.71) raw=11.524 m=8.751 phase=candidate zone=core c=0.12 gas_n=374
[INFO] [1776780050.638344241] [surge_cast_spiral_gsl]: CAST: goal=(1.40,4.85,0.67) raw=2.624 m=-0.141 phase=confirmed zone=near c=0.21 gas_n=384
[INFO] [1776780051.838333617] [surge_cast_spiral_gsl]: CAST: goal=(1.39,4.77,0.66) raw=1.647 m=-0.578 phase=candidate zone=far c=0.14 gas_n=396
[INFO] [1776780052.838455596] [surge_cast_spiral_gsl]: CAST -> SURGE dir=(-0.503, 0.838, 0.21)
[INFO] [1776780054.038012246] [surge_cast_spiral_gsl]: SURGE: goal=(1.33,4.87,0.69) raw=4.465 m=2.413 phase=candidate zone=near c=0.01 gas_n=418
[INFO] [1776780055.038152676] [surge_cast_spiral_gsl]: SURGE: goal=(1.33,4.88,0.69) raw=11.656 m=9.603 phase=candidate zone=core c=0.03 gas_n=428
[INFO] [1776780056.038215391] [surge_cast_spiral_gsl]: SURGE: goal=(1.31,4.94,0.68) raw=13.875 m=11.708 phase=confirmed zone=core c=0.20 gas_n=438
[INFO] [1776780057.038241824] [surge_cast_spiral_gsl]: SURGE: goal=(1.31,4.94,0.68) raw=14.023 m=11.856 phase=confirmed zone=core c=0.65 gas_n=448
[INFO] [1776780058.237924700] [surge_cast_spiral_gsl]: SURGE: goal=(1.32,4.94,0.67) raw=15.312 m=13.146 phase=confirmed zone=core c=0.88 gas_n=460
[INFO] [1776780059.237955771] [surge_cast_spiral_gsl]: SURGE: goal=(1.31,4.98,0.66) raw=11.328 m=9.161 phase=confirmed zone=edge c=0.92 gas_n=470
[INFO] [1776780060.237863989] [surge_cast_spiral_gsl]: SURGE -> CAST (plume lost)
[INFO] [1776780061.237999758] [surge_cast_spiral_gsl]: CAST: goal=(1.33,4.84,0.70) raw=15.498 m=13.331 phase=confirmed zone=core c=0.89 gas_n=490
[INFO] [1776780062.238090764] [surge_cast_spiral_gsl]: CAST: goal=(1.31,4.94,0.66) raw=7.795 m=5.628 phase=confirmed zone=near c=0.87 gas_n=500
[INFO] [1776780063.438290957] [surge_cast_spiral_gsl]: CAST: goal=(1.33,4.85,0.68) raw=16.281 m=14.115 phase=confirmed zone=core c=0.81 gas_n=512
[INFO] [1776780064.438091478] [surge_cast_spiral_gsl]: CAST: goal=(1.34,4.91,0.70) raw=15.591 m=13.425 phase=confirmed zone=core c=0.73 gas_n=522
[INFO] [1776780065.637969544] [surge_cast_spiral_gsl]: CAST: goal=(1.36,4.88,0.65) raw=14.433 m=12.266 phase=confirmed zone=edge c=0.69 gas_n=534
[INFO] [1776780066.638407651] [surge_cast_spiral_gsl]: CAST: goal=(1.33,4.92,0.68) raw=7.849 m=5.682 phase=confirmed zone=near c=0.65 gas_n=544
[INFO] [1776780067.837987538] [surge_cast_spiral_gsl]: CAST: goal=(1.31,4.82,0.72) raw=9.023 m=6.856 phase=confirmed zone=near c=0.58 gas_n=556
[INFO] [1776780068.837969373] [surge_cast_spiral_gsl]: CAST: goal=(1.30,4.94,0.66) raw=13.356 m=11.190 phase=confirmed zone=edge c=0.47 gas_n=566
[INFO] [1776780070.037951058] [surge_cast_spiral_gsl]: CAST -> SURGE dir=(0.503, 0.838, -0.21)
[INFO] [1776780071.037987718] [surge_cast_spiral_gsl]: SURGE: goal=(1.33,4.99,0.65) raw=17.511 m=14.886 phase=confirmed zone=core c=0.62 gas_n=588
[INFO] [1776780072.038195034] [surge_cast_spiral_gsl]: SURGE: goal=(1.35,5.03,0.64) raw=14.931 m=12.006 phase=confirmed zone=edge c=0.83 gas_n=598
[INFO] [1776780073.238004182] [surge_cast_spiral_gsl]: SURGE: goal=(1.33,4.99,0.65) raw=21.058 m=18.093 phase=confirmed zone=core c=0.89 gas_n=610
[INFO] [1776780074.438081056] [surge_cast_spiral_gsl]: SURGE: goal=(1.33,4.99,0.65) raw=16.193 m=13.228 phase=confirmed zone=core c=0.90 gas_n=622
[INFO] [1776780075.637856296] [surge_cast_spiral_gsl]: SURGE -> SPIRAL
[INFO] [1776780076.838066838] [surge_cast_spiral_gsl]: SPIRAL: goal=(1.26,4.89,0.73) raw=12.342 m=4.331 phase=confirmed zone=near c=0.85 gas_n=646
[INFO] [1776780078.037952793] [surge_cast_spiral_gsl]: SPIRAL: goal=(1.27,4.85,0.75) raw=20.625 m=11.603 phase=confirmed zone=edge c=0.67 gas_n=658
[INFO] [1776780079.038052537] [surge_cast_spiral_gsl]: SPIRAL: goal=(1.28,4.83,0.73) raw=10.316 m=0.670 phase=candidate zone=far c=0.46 gas_n=668
[INFO] [1776780080.238076560] [surge_cast_spiral_gsl]: SPIRAL: goal=(1.30,4.82,0.66) raw=9.566 m=0.543 phase=candidate zone=far c=0.16 gas_n=680
[INFO] [1776780081.237906662] [surge_cast_spiral_gsl]: SPIRAL -> CAST (cue degraded)
[INFO] [1776780082.437943294] [surge_cast_spiral_gsl]: CAST: goal=(1.28,4.82,0.62) raw=5.328 m=-2.682 phase=candidate zone=far c=0.01 gas_n=702
[INFO] [1776780083.437953748] [surge_cast_spiral_gsl]: CAST: goal=(1.31,4.83,0.71) raw=5.497 m=-2.298 phase=candidate zone=far c=0.00 gas_n=712
[INFO] [1776780084.437963648] [surge_cast_spiral_gsl]: CAST: goal=(1.34,4.72,0.73) raw=6.541 m=-1.006 phase=candidate zone=far c=0.00 gas_n=722
[INFO] [1776780085.437971209] [surge_cast_spiral_gsl]: CAST: goal=(1.34,4.90,0.63) raw=0.421 m=-6.336 phase=candidate zone=far c=0.00 gas_n=732
[INFO] [1776780086.638097336] [surge_cast_spiral_gsl]: CAST: goal=(1.31,4.78,0.65) raw=11.265 m=5.157 phase=candidate zone=near c=0.00 gas_n=744
[INFO] [1776780087.838127161] [surge_cast_spiral_gsl]: CAST: goal=(1.27,4.81,0.74) raw=4.695 m=-0.634 phase=candidate zone=far c=0.00 gas_n=756
[INFO] [1776780088.838211396] [surge_cast_spiral_gsl]: CAST -> SURGE dir=(-0.503, 0.838, -0.21)
[INFO] [1776780090.038037668] [surge_cast_spiral_gsl]: SURGE: goal=(1.21,4.95,0.69) raw=7.252 m=1.923 phase=candidate zone=far c=0.00 gas_n=778
[INFO] [1776780091.238898918] [surge_cast_spiral_gsl]: SURGE: goal=(1.17,4.90,0.78) raw=1.241 m=-2.538 phase=candidate zone=far c=0.00 gas_n=790
[INFO] [1776780092.238225209] [surge_cast_spiral_gsl]: SURGE -> CAST (plume lost)
[INFO] [1776780093.438145680] [surge_cast_spiral_gsl]: CAST: goal=(1.13,4.67,0.92) raw=0.000 m=-1.123 phase=no_contact zone=far c=0.00 gas_n=812
[INFO] [1776780094.638174926] [surge_cast_spiral_gsl]: CAST: goal=(1.14,4.91,0.79) raw=0.000 m=-0.592 phase=no_contact zone=far c=0.00 gas_n=824
[INFO] [1776780095.837990086] [surge_cast_spiral_gsl]: CAST: goal=(1.18,4.73,0.85) raw=0.000 m=0.000 phase=no_contact zone=far c=0.00 gas_n=836
[INFO] [1776780096.838091775] [surge_cast_spiral_gsl]: CAST: goal=(1.23,4.76,0.97) raw=0.524 m=0.524 phase=no_contact zone=far c=0.00 gas_n=846
[INFO] [1776780098.038097772] [surge_cast_spiral_gsl]: CAST: goal=(1.23,4.70,0.90) raw=0.841 m=0.841 phase=candidate zone=far c=0.00 gas_n=858
[INFO] [1776780099.038041195] [surge_cast_spiral_gsl]: CAST: goal=(1.23,4.87,0.81) raw=0.781 m=0.781 phase=candidate zone=far c=0.00 gas_n=868
[INFO] [1776780100.237974030] [surge_cast_spiral_gsl]: CAST: goal=(1.19,4.73,0.86) raw=0.000 m=0.000 phase=candidate zone=far c=0.00 gas_n=880
[INFO] [1776780101.238028560] [surge_cast_spiral_gsl]: CAST: goal=(1.16,4.76,0.95) raw=0.230 m=0.230 phase=candidate zone=far c=0.00 gas_n=890
[INFO] [1776780102.237995189] [surge_cast_spiral_gsl]: CAST: goal=(1.14,4.71,0.89) raw=0.905 m=0.905 phase=candidate zone=far c=0.00 gas_n=900
[INFO] [1776780103.238099054] [surge_cast_spiral_gsl]: CAST: goal=(1.15,4.88,0.81) raw=0.000 m=0.000 phase=candidate zone=far c=0.00 gas_n=910
[INFO] [1776780104.438511237] [surge_cast_spiral_gsl]: CAST: goal=(1.19,4.73,0.87) raw=0.000 m=0.000 phase=candidate zone=far c=0.00 gas_n=922
[INFO] [1776780105.637973154] [surge_cast_spiral_gsl]: CAST: goal=(1.23,4.76,0.97) raw=0.605 m=0.605 phase=no_contact zone=far c=0.00 gas_n=934
[INFO] [1776780106.638031664] [surge_cast_spiral_gsl]: CAST: goal=(1.24,4.72,0.88) raw=0.884 m=0.884 phase=candidate zone=far c=0.00 gas_n=944
[INFO] [1776780107.638087592] [surge_cast_spiral_gsl]: CAST: goal=(1.22,4.88,0.81) raw=0.310 m=0.310 phase=candidate zone=far c=0.00 gas_n=954
[INFO] [1776780108.639045766] [surge_cast_spiral_gsl]: CAST: goal=(1.19,4.72,0.88) raw=0.457 m=0.457 phase=candidate zone=far c=0.00 gas_n=964
[INFO] [1776780109.838005439] [surge_cast_spiral_gsl]: CAST: goal=(1.16,4.76,0.95) raw=0.000 m=0.000 phase=candidate zone=far c=0.00 gas_n=976
[INFO] [1776780110.837976823] [surge_cast_spiral_gsl]: CAST: goal=(1.14,4.72,0.88) raw=0.475 m=0.475 phase=candidate zone=far c=0.00 gas_n=986
[INFO] [1776780111.838118018] [surge_cast_spiral_gsl]: CAST: goal=(1.16,4.88,0.81) raw=0.427 m=0.427 phase=candidate zone=far c=0.00 gas_n=996
[INFO] [1776780113.038019091] [surge_cast_spiral_gsl]: CAST: goal=(1.19,4.71,0.89) raw=0.000 m=0.000 phase=candidate zone=far c=0.00 gas_n=1008
[INFO] [1776780114.238660377] [surge_cast_spiral_gsl]: CAST: goal=(1.22,4.76,0.95) raw=0.000 m=0.000 phase=candidate zone=far c=0.00 gas_n=1020
[INFO] [1776780115.438134901] [surge_cast_spiral_gsl]: CAST: goal=(1.25,4.72,0.86) raw=0.000 m=0.000 phase=no_contact zone=far c=0.00 gas_n=1032
[INFO] [1776780116.638049979] [surge_cast_spiral_gsl]: CAST: goal=(1.22,4.88,0.81) raw=0.576 m=0.576 phase=candidate zone=far c=0.00 gas_n=1044
[INFO] [1776780117.838003352] [surge_cast_spiral_gsl]: CAST: goal=(1.18,4.71,0.90) raw=0.666 m=0.666 phase=candidate zone=far c=0.00 gas_n=1056
[INFO] [1776780118.838129883] [surge_cast_spiral_gsl]: CAST: goal=(1.15,4.76,0.95) raw=0.000 m=0.000 phase=candidate zone=far c=0.00 gas_n=1066
[INFO] [1776780120.038033050] [surge_cast_spiral_gsl]: CAST: goal=(1.14,4.74,0.86) raw=0.000 m=0.000 phase=candidate zone=far c=0.00 gas_n=1078
[INFO] [1776780121.038015346] [surge_cast_spiral_gsl]: CAST: goal=(1.16,4.87,0.81) raw=0.000 m=0.000 phase=candidate zone=far c=0.00 gas_n=1088
[INFO] [1776780122.038081515] [surge_cast_spiral_gsl]: CAST: goal=(1.20,4.68,0.91) raw=0.000 m=0.000 phase=no_contact zone=far c=0.00 gas_n=1098
[INFO] [1776780123.238270995] [surge_cast_spiral_gsl]: CAST: goal=(1.24,4.76,0.97) raw=0.000 m=0.000 phase=no_contact zone=far c=0.00 gas_n=1110
[INFO] [1776780124.238006795] [surge_cast_spiral_gsl]: CAST: goal=(1.25,4.73,0.84) raw=0.000 m=0.000 phase=no_contact zone=far c=0.00 gas_n=1120
[INFO] [1776780125.238042118] [surge_cast_spiral_gsl]: CAST: goal=(1.21,4.87,0.82) raw=0.666 m=0.666 phase=candidate zone=far c=0.00 gas_n=1130
[INFO] [1776780126.238113100] [surge_cast_spiral_gsl]: CAST: goal=(1.18,4.69,0.91) raw=0.000 m=0.000 phase=candidate zone=far c=0.00 gas_n=1140
[INFO] [1776780127.438172476] [surge_cast_spiral_gsl]: CAST: goal=(1.15,4.77,0.94) raw=0.000 m=0.000 phase=candidate zone=far c=0.00 gas_n=1152
[INFO] [1776780128.438223137] [surge_cast_spiral_gsl]: CAST: goal=(1.14,4.75,0.85) raw=0.667 m=0.667 phase=candidate zone=far c=0.00 gas_n=1162
[INFO] [1776780129.638021976] [surge_cast_spiral_gsl]: CAST: goal=(1.17,4.87,0.82) raw=0.726 m=0.726 phase=candidate zone=far c=0.00 gas_n=1174
[INFO] [1776780130.837986348] [surge_cast_spiral_gsl]: CAST: goal=(1.20,4.69,0.92) raw=0.000 m=0.000 phase=candidate zone=far c=0.00 gas_n=1186
[INFO] [1776780132.038022135] [surge_cast_spiral_gsl]: CAST: goal=(1.23,4.77,0.94) raw=0.000 m=0.000 phase=candidate zone=far c=0.00 gas_n=1198
[INFO] [1776780133.238128332] [surge_cast_spiral_gsl]: CAST: goal=(1.25,4.75,0.83) raw=0.000 m=0.000 phase=no_contact zone=far c=0.00 gas_n=1210
[INFO] [1776780134.438741358] [surge_cast_spiral_gsl]: CAST: goal=(1.21,4.86,0.83) raw=0.800 m=0.800 phase=candidate zone=far c=0.00 gas_n=1222
[INFO] [1776780135.638028855] [surge_cast_spiral_gsl]: CAST: goal=(1.17,4.68,0.92) raw=0.254 m=0.254 phase=candidate zone=far c=0.00 gas_n=1234
[INFO] [1776780136.638101198] [surge_cast_spiral_gsl]: CAST: goal=(1.15,4.78,0.93) raw=0.340 m=0.340 phase=candidate zone=far c=0.00 gas_n=1244
[INFO] [1776780137.837979689] [surge_cast_spiral_gsl]: CAST: goal=(1.15,4.76,0.83) raw=0.000 m=0.000 phase=candidate zone=far c=0.00 gas_n=1256
[INFO] [1776780138.838001039] [surge_cast_spiral_gsl]: CAST: goal=(1.17,4.86,0.83) raw=0.000 m=0.000 phase=candidate zone=far c=0.00 gas_n=1266
[INFO] [1776780139.838258843] [surge_cast_spiral_gsl]: CAST: goal=(1.21,4.65,0.95) raw=0.000 m=0.000 phase=no_contact zone=far c=0.00 gas_n=1276
[INFO] [1776780140.838376700] [surge_cast_spiral_gsl]: CAST: goal=(1.25,4.78,0.94) raw=0.000 m=0.000 phase=no_contact zone=far c=0.00 gas_n=1286
[INFO] [1776780142.038273141] [surge_cast_spiral_gsl]: CAST: goal=(1.23,4.76,0.83) raw=0.899 m=0.899 phase=candidate zone=far c=0.00 gas_n=1298
[INFO] [1776780143.238138841] [surge_cast_spiral_gsl]: CAST -> SURGE dir=(-0.503, -0.838, -0.21)
[INFO] [1776780144.238989839] [surge_cast_spiral_gsl]: SURGE: goal=(1.14,4.64,0.80) raw=1.036 m=1.036 phase=candidate zone=far c=0.00 gas_n=1320
[INFO] [1776780145.238290557] [surge_cast_spiral_gsl]: SURGE: goal=(1.18,4.72,0.77) raw=5.749 m=5.749 phase=candidate zone=near c=0.00 gas_n=1330
[INFO] [1776780146.438042338] [surge_cast_spiral_gsl]: SURGE: goal=(1.15,4.70,0.74) raw=6.417 m=6.417 phase=candidate zone=near c=0.03 gas_n=1342
[INFO] [1776780147.638012334] [surge_cast_spiral_gsl]: SURGE: goal=(1.15,4.68,0.74) raw=5.706 m=5.706 phase=candidate zone=near c=0.22 gas_n=1354
[INFO] [1776780148.838021700] [surge_cast_spiral_gsl]: SURGE: goal=(1.09,4.59,0.74) raw=1.266 m=1.266 phase=candidate zone=far c=0.20 gas_n=1366
[INFO] [1776780149.838734011] [surge_cast_spiral_gsl]: SURGE -> CAST (plume lost)
[INFO] [1776780151.037957736] [surge_cast_spiral_gsl]: CAST: goal=(1.14,4.71,0.70) raw=0.000 m=0.000 phase=candidate zone=far c=0.02 gas_n=1388
[INFO] [1776780152.038987987] [surge_cast_spiral_gsl]: CAST: goal=(1.10,4.73,0.80) raw=0.000 m=0.000 phase=candidate zone=far c=0.00 gas_n=1398
[INFO] [1776780153.237971705] [surge_cast_spiral_gsl]: CAST: goal=(1.08,4.65,0.79) raw=0.456 m=0.456 phase=candidate zone=far c=0.00 gas_n=1410
[INFO] [1776780154.237998282] [surge_cast_spiral_gsl]: CAST: goal=(1.08,4.83,0.69) raw=0.000 m=0.000 phase=candidate zone=far c=0.00 gas_n=1420
[INFO] [1776780155.438403690] [surge_cast_spiral_gsl]: CAST: goal=(1.11,4.71,0.71) raw=0.460 m=0.460 phase=candidate zone=far c=0.00 gas_n=1432
[INFO] [1776780156.637961950] [surge_cast_spiral_gsl]: CAST: goal=(1.15,4.73,0.81) raw=0.546 m=0.546 phase=candidate zone=far c=0.00 gas_n=1444
[INFO] [1776780157.837959607] [surge_cast_spiral_gsl]: CAST: goal=(1.17,4.65,0.78) raw=0.519 m=0.519 phase=candidate zone=far c=0.00 gas_n=1456
[INFO] [1776780158.838099749] [surge_cast_spiral_gsl]: CAST: goal=(1.16,4.83,0.68) raw=0.000 m=0.000 phase=candidate zone=far c=0.00 gas_n=1466
[INFO] [1776780160.037952743] [surge_cast_spiral_gsl]: CAST: goal=(1.13,4.70,0.72) raw=1.063 m=1.063 phase=candidate zone=far c=0.00 gas_n=1478
[INFO] [1776780161.038200545] [surge_cast_spiral_gsl]: CAST: goal=(1.10,4.72,0.81) raw=0.915 m=0.915 phase=candidate zone=far c=0.00 gas_n=1488
[INFO] [1776780162.237943406] [surge_cast_spiral_gsl]: CAST: goal=(1.08,4.66,0.77) raw=0.456 m=0.456 phase=candidate zone=far c=0.00 gas_n=1500
[INFO] [1776780163.238005257] [surge_cast_spiral_gsl]: CAST: goal=(1.09,4.83,0.68) raw=0.000 m=0.000 phase=candidate zone=far c=0.00 gas_n=1510
[INFO] [1776780164.438127469] [surge_cast_spiral_gsl]: CAST: goal=(1.12,4.70,0.73) raw=1.077 m=1.077 phase=candidate zone=far c=0.00 gas_n=1522
[INFO] [1776780165.637951467] [surge_cast_spiral_gsl]: CAST: goal=(1.15,4.72,0.81) raw=0.000 m=0.000 phase=candidate zone=far c=0.00 gas_n=1534
[INFO] [1776780166.638229721] [surge_cast_spiral_gsl]: CAST: goal=(1.17,4.66,0.76) raw=0.321 m=0.321 phase=candidate zone=far c=0.00 gas_n=1544
[INFO] [1776780167.638344186] [surge_cast_spiral_gsl]: CAST: goal=(1.16,4.83,0.68) raw=0.000 m=0.000 phase=candidate zone=far c=0.00 gas_n=1554
[INFO] [1776780168.838844900] [surge_cast_spiral_gsl]: CAST: goal=(1.13,4.69,0.73) raw=1.584 m=1.584 phase=candidate zone=far c=0.00 gas_n=1566
[INFO] [1776780170.038145025] [surge_cast_spiral_gsl]: CAST: goal=(1.09,4.72,0.81) raw=0.589 m=0.589 phase=candidate zone=far c=0.00 gas_n=1578
[INFO] [1776780171.237942454] [surge_cast_spiral_gsl]: CAST: goal=(1.08,4.67,0.76) raw=0.299 m=0.299 phase=candidate zone=far c=0.00 gas_n=1590
[INFO] [1776780172.437963563] [surge_cast_spiral_gsl]: CAST: goal=(1.09,4.83,0.68) raw=0.000 m=0.000 phase=candidate zone=far c=0.00 gas_n=1602
[INFO] [1776780173.438346785] [surge_cast_spiral_gsl]: CAST: goal=(1.12,4.68,0.74) raw=0.601 m=0.601 phase=candidate zone=far c=0.00 gas_n=1612
[INFO] [1776780174.638846009] [surge_cast_spiral_gsl]: CAST: goal=(1.16,4.72,0.82) raw=0.000 m=0.000 phase=candidate zone=far c=0.00 gas_n=1624
[INFO] [1776780175.838001419] [surge_cast_spiral_gsl]: CAST: goal=(1.17,4.68,0.75) raw=0.441 m=0.441 phase=candidate zone=far c=0.00 gas_n=1636
[INFO] [1776780177.037952851] [surge_cast_spiral_gsl]: CAST: goal=(1.16,4.84,0.68) raw=0.623 m=0.623 phase=candidate zone=far c=0.00 gas_n=1648
[INFO] [1776780178.037959069] [surge_cast_spiral_gsl]: CAST -> SURGE dir=(-0.503, 0.838, -0.21)
[INFO] [1776780179.238033721] [surge_cast_spiral_gsl]: SURGE: goal=(1.10,4.94,0.66) raw=5.454 m=5.454 phase=candidate zone=near c=0.02 gas_n=1670
[INFO] [1776780180.237981170] [surge_cast_spiral_gsl]: SURGE: goal=(1.06,5.02,0.63) raw=6.736 m=6.736 phase=candidate zone=near c=0.13 gas_n=1680
[INFO] [1776780181.238008033] [surge_cast_spiral_gsl]: SURGE: goal=(1.01,5.11,0.60) raw=2.733 m=2.733 phase=candidate zone=far c=0.21 gas_n=1690
[INFO] [1776780182.437878714] [surge_cast_spiral_gsl]: SURGE -> CAST (plume lost)
[INFO] [1776780183.437983013] [surge_cast_spiral_gsl]: CAST: goal=(1.11,4.93,0.61) raw=3.053 m=3.053 phase=candidate zone=near c=0.09 gas_n=1712
[INFO] [1776780184.438028700] [surge_cast_spiral_gsl]: CAST: goal=(1.07,5.00,0.65) raw=1.576 m=1.576 phase=candidate zone=far c=0.07 gas_n=1722
[INFO] [1776780185.637941577] [surge_cast_spiral_gsl]: CAST: goal=(1.08,4.98,0.55) raw=3.551 m=3.551 phase=candidate zone=near c=0.05 gas_n=1734
[INFO] [1776780186.637969446] [surge_cast_spiral_gsl]: CAST: goal=(1.11,5.06,0.58) raw=4.305 m=4.305 phase=candidate zone=near c=0.03 gas_n=1744
[INFO] [1776780187.838001533] [surge_cast_spiral_gsl]: CAST: goal=(1.14,4.89,0.66) raw=0.395 m=0.395 phase=candidate zone=far c=0.02 gas_n=1756
[INFO] [1776780189.037958945] [surge_cast_spiral_gsl]: CAST: goal=(1.15,5.06,0.58) raw=4.117 m=4.117 phase=candidate zone=near c=0.00 gas_n=1768
[INFO] [1776780190.037980740] [surge_cast_spiral_gsl]: CAST: goal=(1.14,5.01,0.52) raw=1.841 m=1.841 phase=candidate zone=far c=0.00 gas_n=1778
[INFO] [1776780191.037984016] [surge_cast_spiral_gsl]: CAST: goal=(1.11,5.03,0.61) raw=0.000 m=0.000 phase=candidate zone=far c=0.00 gas_n=1788
[INFO] [1776780192.237980995] [surge_cast_spiral_gsl]: CAST: goal=(1.08,4.89,0.65) raw=0.000 m=0.000 phase=candidate zone=far c=0.00 gas_n=1800
[INFO] [1776780193.239498791] [surge_cast_spiral_gsl]: CAST: goal=(1.05,5.09,0.56) raw=0.292 m=0.292 phase=no_contact zone=far c=0.00 gas_n=1810
[INFO] [1776780194.437960162] [surge_cast_spiral_gsl]: CAST: goal=(1.09,5.00,0.52) raw=0.223 m=0.223 phase=candidate zone=far c=0.00 gas_n=1822
[INFO] [1776780195.438041793] [surge_cast_spiral_gsl]: CAST: goal=(1.12,5.03,0.61) raw=0.000 m=0.000 phase=candidate zone=far c=0.00 gas_n=1832
[INFO] [1776780196.638161187] [surge_cast_spiral_gsl]: CAST: goal=(1.15,4.90,0.65) raw=0.000 m=0.000 phase=candidate zone=far c=0.00 gas_n=1844
[INFO] [1776780197.837948105] [surge_cast_spiral_gsl]: CAST: goal=(1.17,5.10,0.55) raw=0.234 m=0.234 phase=no_contact zone=far c=0.00 gas_n=1856
[INFO] [1776780198.837994570] [surge_cast_spiral_gsl]: CAST: goal=(1.14,5.00,0.53) raw=0.302 m=0.302 phase=candidate zone=far c=0.00 gas_n=1866
[INFO] [1776780200.038005455] [surge_cast_spiral_gsl]: CAST: goal=(1.10,5.02,0.62) raw=0.000 m=0.000 phase=candidate zone=far c=0.00 gas_n=1878
[INFO] [1776780201.237964880] [surge_cast_spiral_gsl]: CAST: goal=(1.07,4.90,0.65) raw=0.472 m=0.472 phase=candidate zone=far c=0.00 gas_n=1890
[INFO] [1776780202.238071237] [surge_cast_spiral_gsl]: CAST: goal=(1.07,5.08,0.55) raw=0.626 m=0.626 phase=candidate zone=far c=0.00 gas_n=1900
[INFO] [1776780203.438102828] [surge_cast_spiral_gsl]: CAST: goal=(1.09,5.00,0.53) raw=0.873 m=0.873 phase=candidate zone=far c=0.00 gas_n=1912
[INFO] [1776780204.638018903] [surge_cast_spiral_gsl]: CAST: goal=(1.13,5.01,0.63) raw=0.946 m=0.946 phase=candidate zone=far c=0.00 gas_n=1924
[INFO] [1776780205.838033665] [surge_cast_spiral_gsl]: CAST: goal=(1.15,4.90,0.64) raw=1.140 m=1.140 phase=candidate zone=far c=0.00 gas_n=1936
[INFO] [1776780207.038009571] [surge_cast_spiral_gsl]: CAST -> SURGE dir=(0.503, -0.838, 0.21)
[INFO] [1776780208.237970673] [surge_cast_spiral_gsl]: SURGE: goal=(1.21,4.83,0.67) raw=12.206 m=12.206 phase=candidate zone=edge c=0.10 gas_n=1960
[INFO] [1776780209.238023953] [surge_cast_spiral_gsl]: SURGE: goal=(1.27,4.71,0.71) raw=5.102 m=5.102 phase=confirmed zone=near c=0.34 gas_n=1970
[INFO] [1776780210.238185930] [surge_cast_spiral_gsl]: SURGE: goal=(1.31,4.58,0.74) raw=1.167 m=1.167 phase=candidate zone=far c=0.32 gas_n=1980
[INFO] [1776780211.438013737] [surge_cast_spiral_gsl]: SURGE -> CAST (plume lost)
[INFO] [1776780212.638072360] [surge_cast_spiral_gsl]: CAST: goal=(1.28,4.55,0.70) raw=0.000 m=0.000 phase=candidate zone=far c=0.02 gas_n=2004
[INFO] [1776780213.837944810] [surge_cast_spiral_gsl]: CAST: goal=(1.26,4.69,0.67) raw=0.000 m=0.000 phase=no_contact zone=far c=0.00 gas_n=2016
[INFO] [1776780214.838000581] [surge_cast_spiral_gsl]: CAST: goal=(1.22,4.47,0.79) raw=0.698 m=0.698 phase=candidate zone=far c=0.00 gas_n=2026
[INFO] [1776780216.038431995] [surge_cast_spiral_gsl]: CAST: goal=(1.20,4.57,0.79) raw=0.000 m=0.000 phase=candidate zone=far c=0.00 gas_n=2038
[INFO] [1776780217.238072870] [surge_cast_spiral_gsl]: CAST: goal=(1.18,4.55,0.68) raw=0.000 m=0.000 phase=no_contact zone=far c=0.00 gas_n=2050
[INFO] [1776780218.437950073] [surge_cast_spiral_gsl]: CAST: goal=(1.22,4.68,0.68) raw=0.000 m=0.000 phase=no_contact zone=far c=0.00 gas_n=2062
[INFO] [1776780219.438027684] [surge_cast_spiral_gsl]: CAST: goal=(1.26,4.44,0.81) raw=0.347 m=0.347 phase=no_contact zone=far c=0.00 gas_n=2072
[INFO] [1776780220.638241563] [surge_cast_spiral_gsl]: CAST: goal=(1.30,4.58,0.80) raw=0.000 m=0.000 phase=no_contact zone=far c=0.00 gas_n=2084
[INFO] [1776780221.837935584] [surge_cast_spiral_gsl]: CAST: goal=(1.29,4.56,0.67) raw=0.000 m=0.000 phase=no_contact zone=far c=0.00 gas_n=2096
[INFO] [1776780222.837986347] [surge_cast_spiral_gsl]: CAST: goal=(1.26,4.67,0.69) raw=0.000 m=0.000 phase=no_contact zone=far c=0.00 gas_n=2106
[INFO] [1776780223.838231259] [surge_cast_spiral_gsl]: CAST: goal=(1.22,4.47,0.80) raw=1.100 m=1.100 phase=candidate zone=far c=0.00 gas_n=2116
[INFO] [1776780225.037942729] [surge_cast_spiral_gsl]: CAST: goal=(1.19,4.58,0.78) raw=0.000 m=0.000 phase=candidate zone=far c=0.00 gas_n=2128
[INFO] [1776780226.037942787] [surge_cast_spiral_gsl]: CAST: goal=(1.20,4.56,0.68) raw=0.000 m=0.000 phase=candidate zone=far c=0.00 gas_n=2138
[INFO] [1776780227.237955397] [surge_cast_spiral_gsl]: CAST: goal=(1.22,4.67,0.70) raw=0.000 m=0.000 phase=no_contact zone=far c=0.00 gas_n=2150
[INFO] [1776780228.238021157] [surge_cast_spiral_gsl]: CAST: goal=(1.26,4.46,0.80) raw=0.898 m=0.898 phase=candidate zone=far c=0.00 gas_n=2160
[INFO] [1776780229.437972957] [surge_cast_spiral_gsl]: CAST: goal=(1.28,4.59,0.77) raw=0.000 m=0.000 phase=candidate zone=far c=0.00 gas_n=2172
[INFO] [1776780230.637961667] [surge_cast_spiral_gsl]: CAST: goal=(1.29,4.57,0.66) raw=0.000 m=0.000 phase=no_contact zone=far c=0.00 gas_n=2184
[INFO] [1776780231.838094261] [surge_cast_spiral_gsl]: CAST: goal=(1.25,4.66,0.71) raw=0.000 m=0.000 phase=no_contact zone=far c=0.00 gas_n=2196
[INFO] [1776780233.037946745] [surge_cast_spiral_gsl]: CAST: goal=(1.20,4.43,0.83) raw=0.651 m=0.651 phase=no_contact zone=far c=0.00 gas_n=2208
[INFO] [1776780234.038016271] [surge_cast_spiral_gsl]: CAST: goal=(1.19,4.59,0.76) raw=0.000 m=0.000 phase=candidate zone=far c=0.00 gas_n=2218
[INFO] [1776780235.237962308] [surge_cast_spiral_gsl]: CAST: goal=(1.19,4.57,0.65) raw=0.000 m=0.000 phase=no_contact zone=far c=0.00 gas_n=2230
[INFO] [1776780236.238492634] [surge_cast_spiral_gsl]: CAST: goal=(1.23,4.65,0.72) raw=0.000 m=0.000 phase=no_contact zone=far c=0.00 gas_n=2240
[INFO] [1776780237.438036953] [surge_cast_spiral_gsl]: CAST: goal=(1.28,4.42,0.83) raw=0.000 m=0.000 phase=no_contact zone=far c=0.00 gas_n=2252
[INFO] [1776780238.638436483] [surge_cast_spiral_gsl]: CAST: goal=(1.30,4.61,0.76) raw=0.000 m=0.000 phase=no_contact zone=far c=0.00 gas_n=2264
[INFO] [1776780239.838001693] [surge_cast_spiral_gsl]: CAST: goal=(1.29,4.57,0.65) raw=0.000 m=0.000 phase=no_contact zone=far c=0.00 gas_n=2276
[INFO] [1776780241.037931708] [surge_cast_spiral_gsl]: CAST: goal=(1.24,4.64,0.73) raw=0.000 m=0.000 phase=no_contact zone=far c=0.00 gas_n=2288
[INFO] [1776780242.037929558] [surge_cast_spiral_gsl]: CAST: goal=(1.20,4.42,0.83) raw=0.000 m=0.000 phase=no_contact zone=far c=0.00 gas_n=2298
[INFO] [1776780243.037953033] [surge_cast_spiral_gsl]: CAST: goal=(1.18,4.62,0.75) raw=0.000 m=0.000 phase=no_contact zone=far c=0.00 gas_n=2308
[INFO] [1776780244.238345213] [surge_cast_spiral_gsl]: CAST: goal=(1.19,4.57,0.65) raw=0.000 m=0.000 phase=no_contact zone=far c=0.00 gas_n=2320
[INFO] [1776780245.438106951] [surge_cast_spiral_gsl]: CAST: goal=(1.24,4.63,0.74) raw=0.000 m=0.000 phase=no_contact zone=far c=0.00 gas_n=2332
[INFO] [1776780246.638241871] [surge_cast_spiral_gsl]: CAST: goal=(1.28,4.42,0.83) raw=0.000 m=0.000 phase=no_contact zone=far c=0.00 gas_n=2344
[INFO] [1776780247.838122938] [surge_cast_spiral_gsl]: CAST: goal=(1.30,4.63,0.74) raw=0.000 m=0.000 phase=no_contact zone=far c=0.00 gas_n=2356
[INFO] [1776780249.037958666] [surge_cast_spiral_gsl]: CAST: goal=(1.28,4.57,0.65) raw=0.000 m=0.000 phase=no_contact zone=far c=0.00 gas_n=2368
[INFO] [1776780250.037955502] [surge_cast_spiral_gsl]: CAST: goal=(1.24,4.62,0.75) raw=0.000 m=0.000 phase=no_contact zone=far c=0.00 gas_n=2378
[INFO] [1776780251.238077203] [surge_cast_spiral_gsl]: CAST: goal=(1.19,4.42,0.83) raw=0.000 m=0.000 phase=no_contact zone=far c=0.00 gas_n=2390
[INFO] [1776780252.238138964] [surge_cast_spiral_gsl]: CAST: goal=(1.18,4.64,0.73) raw=0.000 m=0.000 phase=no_contact zone=far c=0.00 gas_n=2400
[INFO] [1776780253.439610626] [surge_cast_spiral_gsl]: CAST: goal=(1.20,4.57,0.65) raw=0.000 m=0.000 phase=no_contact zone=far c=0.00 gas_n=2412
[INFO] [1776780254.637967077] [surge_cast_spiral_gsl]: CAST: goal=(1.24,4.61,0.76) raw=0.000 m=0.000 phase=no_contact zone=far c=0.00 gas_n=2424
[INFO] [1776780255.837957004] [surge_cast_spiral_gsl]: CAST: goal=(1.29,4.42,0.83) raw=0.000 m=0.000 phase=no_contact zone=far c=0.00 gas_n=2436
[INFO] [1776780256.838000934] [surge_cast_spiral_gsl]: CAST: goal=(1.30,4.65,0.72) raw=0.000 m=0.000 phase=no_contact zone=far c=0.00 gas_n=2446
[INFO] [1776780258.037973462] [surge_cast_spiral_gsl]: CAST: goal=(1.27,4.57,0.65) raw=0.000 m=0.000 phase=no_contact zone=far c=0.00 gas_n=2458
[INFO] [1776780259.237962504] [surge_cast_spiral_gsl]: CAST: goal=(1.23,4.61,0.77) raw=0.000 m=0.000 phase=no_contact zone=far c=0.00 gas_n=2470
[INFO] [1776780260.237988941] [surge_cast_spiral_gsl]: CAST: goal=(1.19,4.42,0.83) raw=0.000 m=0.000 phase=no_contact zone=far c=0.00 gas_n=2480
[INFO] [1776780261.238055226] [surge_cast_spiral_gsl]: CAST: goal=(1.18,4.66,0.71) raw=0.000 m=0.000 phase=no_contact zone=far c=0.00 gas_n=2490
[INFO] [1776780262.438264976] [surge_cast_spiral_gsl]: CAST: goal=(1.20,4.57,0.66) raw=0.000 m=0.000 phase=no_contact zone=far c=0.00 gas_n=2502
[INFO] [1776780263.438857602] [surge_cast_spiral_gsl]: CAST: goal=(1.25,4.60,0.78) raw=0.000 m=0.000 phase=no_contact zone=far c=0.00 gas_n=2512
[INFO] [1776780264.637954727] [surge_cast_spiral_gsl]: CAST: goal=(1.29,4.43,0.82) raw=0.000 m=0.000 phase=no_contact zone=far c=0.00 gas_n=2524
[INFO] [1776780265.638039535] [surge_cast_spiral_gsl]: CAST: goal=(1.30,4.67,0.70) raw=0.000 m=0.000 phase=no_contact zone=far c=0.00 gas_n=2534
[INFO] [1776780266.638582895] [surge_cast_spiral_gsl]: CAST: goal=(1.27,4.56,0.66) raw=0.000 m=0.000 phase=no_contact zone=far c=0.00 gas_n=2544
[INFO] [1776780267.837959317] [surge_cast_spiral_gsl]: CAST: goal=(1.22,4.59,0.79) raw=0.000 m=0.000 phase=no_contact zone=far c=0.00 gas_n=2556
[INFO] [1776780268.837988808] [surge_cast_spiral_gsl]: CAST: goal=(1.18,4.43,0.82) raw=0.000 m=0.000 phase=no_contact zone=far c=0.00 gas_n=2566
[INFO] [1776780269.838172396] [surge_cast_spiral_gsl]: CAST: goal=(1.18,4.67,0.69) raw=0.000 m=0.000 phase=no_contact zone=far c=0.00 gas_n=2576
[INFO] [1776780271.037931955] [surge_cast_spiral_gsl]: CAST: goal=(1.21,4.56,0.67) raw=0.000 m=0.000 phase=no_contact zone=far c=0.00 gas_n=2588
[INFO] [1776780272.038841029] [surge_cast_spiral_gsl]: CAST: goal=(1.26,4.58,0.80) raw=0.000 m=0.000 phase=no_contact zone=far c=0.00 gas_n=2598
[INFO] [1776780273.237991654] [surge_cast_spiral_gsl]: CAST: goal=(1.29,4.44,0.81) raw=0.000 m=0.000 phase=no_contact zone=far c=0.00 gas_n=2610
[INFO] [1776780274.438607591] [surge_cast_spiral_gsl]: CAST: goal=(1.30,4.68,0.68) raw=0.000 m=0.000 phase=no_contact zone=far c=0.00 gas_n=2622
[INFO] [1776780275.437946755] [surge_cast_spiral_gsl]: CAST: goal=(1.26,4.55,0.67) raw=0.000 m=0.000 phase=no_contact zone=far c=0.00 gas_n=2632
[INFO] [1776780276.438083413] [surge_cast_spiral_gsl]: CAST: goal=(1.21,4.58,0.81) raw=0.000 m=0.000 phase=no_contact zone=far c=0.00 gas_n=2642
[INFO] [1776780277.637991676] [surge_cast_spiral_gsl]: CAST: goal=(1.18,4.44,0.81) raw=0.000 m=0.000 phase=no_contact zone=far c=0.00 gas_n=2654
[INFO] [1776780278.638018692] [surge_cast_spiral_gsl]: CAST: goal=(1.18,4.69,0.67) raw=0.000 m=0.000 phase=no_contact zone=far c=0.00 gas_n=2664
[INFO] [1776780279.638162596] [surge_cast_spiral_gsl]: CAST: goal=(1.22,4.55,0.68) raw=0.000 m=0.000 phase=no_contact zone=far c=0.00 gas_n=2674
[INFO] [1776780280.837966949] [surge_cast_spiral_gsl]: CAST: goal=(1.26,4.57,0.81) raw=0.000 m=0.000 phase=no_contact zone=far c=0.00 gas_n=2686
[INFO] [1776780281.838089783] [surge_cast_spiral_gsl]: CAST: goal=(1.30,4.45,0.80) raw=0.000 m=0.000 phase=no_contact zone=far c=0.00 gas_n=2696
[INFO] [1776780282.838082526] [surge_cast_spiral_gsl]: CAST: goal=(1.29,4.69,0.67) raw=0.000 m=0.000 phase=no_contact zone=far c=0.00 gas_n=2706
[INFO] [1776780283.838086654] [surge_cast_spiral_gsl]: CAST: goal=(1.26,4.54,0.69) raw=0.000 m=0.000 phase=no_contact zone=far c=0.00 gas_n=2716
[INFO] [1776780285.038947434] [surge_cast_spiral_gsl]: CAST: goal=(1.21,4.56,0.82) raw=0.000 m=0.000 phase=no_contact zone=far c=0.00 gas_n=2728
[INFO] [1776780286.239355224] [surge_cast_spiral_gsl]: CAST: goal=(1.18,4.46,0.79) raw=0.000 m=0.000 phase=no_contact zone=far c=0.00 gas_n=2740
[INFO] [1776780287.437958881] [surge_cast_spiral_gsl]: CAST: goal=(1.18,4.70,0.66) raw=0.000 m=0.000 phase=no_contact zone=far c=0.00 gas_n=2752
[INFO] [1776780288.438093980] [surge_cast_spiral_gsl]: CAST: goal=(1.22,4.53,0.70) raw=0.000 m=0.000 phase=no_contact zone=far c=0.00 gas_n=2762
[INFO] [1776780289.638025295] [surge_cast_spiral_gsl]: CAST: goal=(1.27,4.56,0.82) raw=0.000 m=0.000 phase=no_contact zone=far c=0.00 gas_n=2774
[INFO] [1776780290.838013208] [surge_cast_spiral_gsl]: CAST: goal=(1.30,4.47,0.78) raw=0.000 m=0.000 phase=no_contact zone=far c=0.00 gas_n=2786
[INFO] [1776780292.037977870] [surge_cast_spiral_gsl]: CAST: goal=(1.29,4.70,0.66) raw=0.000 m=0.000 phase=no_contact zone=far c=0.00 gas_n=2798
[INFO] [1776780293.038013205] [surge_cast_spiral_gsl]: CAST: goal=(1.25,4.52,0.71) raw=0.000 m=0.000 phase=no_contact zone=far c=0.00 gas_n=2808
[INFO] [1776780294.038020286] [surge_cast_spiral_gsl]: CAST: goal=(1.20,4.56,0.83) raw=0.000 m=0.000 phase=no_contact zone=far c=0.00 gas_n=2818
[INFO] [1776780295.238103176] [surge_cast_spiral_gsl]: CAST: goal=(1.18,4.47,0.77) raw=0.000 m=0.000 phase=no_contact zone=far c=0.00 gas_n=2830
[INFO] [1776780296.437956987] [surge_cast_spiral_gsl]: CAST: goal=(1.19,4.70,0.65) raw=0.000 m=0.000 phase=no_contact zone=far c=0.00 gas_n=2842
[INFO] [1776780297.438078532] [surge_cast_spiral_gsl]: CAST: goal=(1.23,4.52,0.72) raw=0.000 m=0.000 phase=no_contact zone=far c=0.00 gas_n=2852
[INFO] [1776780298.438101192] [surge_cast_spiral_gsl]: CAST: goal=(1.28,4.55,0.83) raw=0.000 m=0.000 phase=no_contact zone=far c=0.00 gas_n=2862
[INFO] [1776780299.637993904] [surge_cast_spiral_gsl]: CAST: goal=(1.30,4.48,0.76) raw=0.000 m=0.000 phase=no_contact zone=far c=0.00 gas_n=2874
[INFO] [1776780300.838014289] [surge_cast_spiral_gsl]: CAST: goal=(1.28,4.71,0.65) raw=0.000 m=0.000 phase=no_contact zone=far c=0.00 gas_n=2886
[INFO] [1776780302.037985302] [surge_cast_spiral_gsl]: CAST: goal=(1.24,4.51,0.73) raw=0.293 m=0.293 phase=no_contact zone=far c=0.00 gas_n=2898
[INFO] [1776780303.237968812] [surge_cast_spiral_gsl]: CAST: goal=(1.20,4.55,0.83) raw=0.000 m=0.000 phase=no_contact zone=far c=0.00 gas_n=2910
[INFO] [1776780304.237961385] [surge_cast_spiral_gsl]: CAST: goal=(1.18,4.49,0.75) raw=0.000 m=0.000 phase=no_contact zone=far c=0.00 gas_n=2920
[INFO] [1776780305.238005893] [surge_cast_spiral_gsl]: CAST: goal=(1.19,4.71,0.65) raw=0.000 m=0.000 phase=no_contact zone=far c=0.00 gas_n=2930
[INFO] [1776780306.437962503] [surge_cast_spiral_gsl]: CAST: goal=(1.24,4.50,0.74) raw=0.000 m=0.000 phase=no_contact zone=far c=0.00 gas_n=2942
[INFO] [1776780307.638380885] [surge_cast_spiral_gsl]: CAST: goal=(1.28,4.55,0.83) raw=0.000 m=0.000 phase=no_contact zone=far c=0.00 gas_n=2954
[INFO] [1776780308.838075535] [surge_cast_spiral_gsl]: CAST: goal=(1.30,4.50,0.74) raw=0.000 m=0.000 phase=no_contact zone=far c=0.00 gas_n=2966
[INFO] [1776780310.037976747] [surge_cast_spiral_gsl]: CAST: goal=(1.28,4.71,0.65) raw=0.000 m=0.000 phase=no_contact zone=far c=0.00 gas_n=2978
[INFO] [1776780311.038082058] [surge_cast_spiral_gsl]: CAST: goal=(1.23,4.49,0.75) raw=0.257 m=0.257 phase=no_contact zone=far c=0.00 gas_n=2988
[INFO] [1776780312.039013831] [surge_cast_spiral_gsl]: CAST: goal=(1.19,4.55,0.83) raw=0.000 m=0.000 phase=no_contact zone=far c=0.00 gas_n=2998
[INFO] [1776780312.238209823] [surge_cast_spiral_gsl]: Finished: success=False reason=timeout time=300.0s path=22.71m min_dist=0.011m
